Jan 11 17:05:43  [info] admin (::1) op.Login
Jan 11 17:07:27  [info] admin (::1) op.AddSubFolder?name=Atestados práctica docencia&folderid=2
Jan 11 17:08:06  [info] admin (::1) op.AddSubFolder?name=Atestados experiencia en formación&folderid=2
Jan 11 17:08:27  [info] admin (::1) op.EditFolder?folderid=4
Jan 11 17:08:55  [info] admin (::1) op.AddSubFolder?name=Atestados manejo de metodologías&folderid=2
Jan 11 17:11:15  [info] admin (::1) op.AddSubFolder?name=Documentos adjuntos&folderid=2
Jan 11 17:13:52  [info] admin (::1) op.EditFolder?folderid=2
Jan 11 17:14:01  [info] aspirante1 (::1) op.Login
Jan 11 17:17:33  [info] aspirante1 (::1) op.Login
Jan 11 19:16:24  [info] aspirante1 (::1) op.ViewOnline.php?documentid=5&version=1
Jan 11 19:17:49  [info] aspirante1 (::1) op.Ajax.php?command=deletedocument&id=6&formtoken=5cff61359b987a5ca73cb0d3aea68234
Jan 11 19:17:52  [info] aspirante1 (::1) op.Ajax.php?command=deletedocument&id=5&formtoken=5cff61359b987a5ca73cb0d3aea68234
Jan 11 19:17:53  [info] aspirante1 (::1) op.Ajax.php?command=deletedocument&id=1&formtoken=5cff61359b987a5ca73cb0d3aea68234
Jan 11 19:17:56  [info] aspirante1 (::1) op.Ajax.php?command=deletedocument&id=2&formtoken=5cff61359b987a5ca73cb0d3aea68234
Jan 11 19:17:58  [info] aspirante1 (::1) op.Ajax.php?command=deletedocument&id=3&formtoken=5cff61359b987a5ca73cb0d3aea68234
Jan 11 19:18:00  [info] aspirante1 (::1) op.Ajax.php?command=deletedocument&id=4&formtoken=5cff61359b987a5ca73cb0d3aea68234
Jan 11 19:22:28  [info] aspirante1 (::1) op.Ajax.php?command=deletedocument&id=8&formtoken=5cff61359b987a5ca73cb0d3aea68234
Jan 11 19:23:50  [info] aspirante1 (::1) op.Download.php?documentid=7&version=1
Jan 11 21:39:40  [info] aspirante1 (::1) op.Ajax.php?command=deletedocument&id=16&formtoken=5cff61359b987a5ca73cb0d3aea68234
Jan 11 21:39:43  [info] aspirante1 (::1) op.Ajax.php?command=deletedocument&id=12&formtoken=5cff61359b987a5ca73cb0d3aea68234
Jan 11 21:39:48  [info] aspirante1 (::1) op.Ajax.php?command=deletedocument&id=14&formtoken=5cff61359b987a5ca73cb0d3aea68234
Jan 11 21:40:00  [info] aspirante1 (::1) op.Ajax.php?command=deletedocument&id=7&formtoken=5cff61359b987a5ca73cb0d3aea68234
Jan 11 21:40:02  [info] aspirante1 (::1) op.Ajax.php?command=deletedocument&id=9&formtoken=5cff61359b987a5ca73cb0d3aea68234
Jan 11 21:40:04  [info] aspirante1 (::1) op.Ajax.php?command=deletedocument&id=15&formtoken=5cff61359b987a5ca73cb0d3aea68234
Jan 11 21:40:06  [info] aspirante1 (::1) op.Ajax.php?command=deletedocument&id=13&formtoken=5cff61359b987a5ca73cb0d3aea68234
Jan 11 21:40:08  [info] aspirante1 (::1) op.Ajax.php?command=deletedocument&id=11&formtoken=5cff61359b987a5ca73cb0d3aea68234
Jan 11 23:49:44  [info] aspirante1 (::1) op.Ajax.php?command=deletedocument&id=108&formtoken=5cff61359b987a5ca73cb0d3aea68234
Jan 11 23:49:46  [info] aspirante1 (::1) op.Ajax.php?command=deletedocument&id=103&formtoken=5cff61359b987a5ca73cb0d3aea68234
Jan 11 23:49:49  [info] aspirante1 (::1) op.Ajax.php?command=deletedocument&id=25&formtoken=5cff61359b987a5ca73cb0d3aea68234
Jan 11 23:50:45  [info] aspirante1 (::1) op.Ajax.php?command=deletedocument&id=29&formtoken=5cff61359b987a5ca73cb0d3aea68234
Jan 11 23:50:47  [info] aspirante1 (::1) op.Ajax.php?command=deletedocument&id=33&formtoken=5cff61359b987a5ca73cb0d3aea68234
Jan 11 23:50:50  [info] aspirante1 (::1) op.Ajax.php?command=deletedocument&id=107&formtoken=5cff61359b987a5ca73cb0d3aea68234
Jan 11 23:50:52  [info] aspirante1 (::1) op.Ajax.php?command=deletedocument&id=57&formtoken=5cff61359b987a5ca73cb0d3aea68234
Jan 11 23:50:54  [info] aspirante1 (::1) op.Ajax.php?command=deletedocument&id=37&formtoken=5cff61359b987a5ca73cb0d3aea68234
Jan 11 23:50:57  [info] aspirante1 (::1) op.Ajax.php?command=deletedocument&id=44&formtoken=5cff61359b987a5ca73cb0d3aea68234
Jan 11 23:51:00  [info] aspirante1 (::1) op.Ajax.php?command=deletedocument&id=52&formtoken=5cff61359b987a5ca73cb0d3aea68234
Jan 11 23:51:02  [info] aspirante1 (::1) op.Ajax.php?command=deletedocument&id=48&formtoken=5cff61359b987a5ca73cb0d3aea68234
Jan 11 23:51:04  [info] aspirante1 (::1) op.Ajax.php?command=deletedocument&id=53&formtoken=5cff61359b987a5ca73cb0d3aea68234
Jan 11 23:51:06  [info] aspirante1 (::1) op.Ajax.php?command=deletedocument&id=61&formtoken=5cff61359b987a5ca73cb0d3aea68234
Jan 11 23:51:08  [info] aspirante1 (::1) op.Ajax.php?command=deletedocument&id=69&formtoken=5cff61359b987a5ca73cb0d3aea68234
Jan 11 23:51:11  [info] aspirante1 (::1) op.Ajax.php?command=deletedocument&id=77&formtoken=5cff61359b987a5ca73cb0d3aea68234
Jan 11 23:51:13  [info] aspirante1 (::1) op.Ajax.php?command=deletedocument&id=99&formtoken=5cff61359b987a5ca73cb0d3aea68234
Jan 11 23:51:15  [info] aspirante1 (::1) op.Ajax.php?command=deletedocument&id=73&formtoken=5cff61359b987a5ca73cb0d3aea68234
Jan 11 23:51:17  [info] aspirante1 (::1) op.Ajax.php?command=deletedocument&id=65&formtoken=5cff61359b987a5ca73cb0d3aea68234
Jan 11 23:51:20  [info] aspirante1 (::1) op.Ajax.php?command=deletedocument&id=81&formtoken=5cff61359b987a5ca73cb0d3aea68234
Jan 11 23:51:22  [info] aspirante1 (::1) op.Ajax.php?command=deletedocument&id=91&formtoken=5cff61359b987a5ca73cb0d3aea68234
Jan 11 23:51:24  [info] aspirante1 (::1) op.Ajax.php?command=deletedocument&id=95&formtoken=5cff61359b987a5ca73cb0d3aea68234
