Jan 12 05:47:22  [info] aspirante1 (::1) op.Login
Jan 12 05:47:28  [info] admin (::1) op.Login
Jan 12 05:52:37  [info] admin (::1) op.Ajax.php?command=deletedocument&id=17&formtoken=d457e45e49b3d0e04715efa872e76249
Jan 12 05:52:39  [info] admin (::1) op.Ajax.php?command=deletedocument&id=21&formtoken=d457e45e49b3d0e04715efa872e76249
Jan 12 05:52:41  [info] admin (::1) op.Ajax.php?command=deletedocument&id=23&formtoken=d457e45e49b3d0e04715efa872e76249
Jan 12 05:52:44  [info] admin (::1) op.Ajax.php?command=deletedocument&id=27&formtoken=d457e45e49b3d0e04715efa872e76249
Jan 12 05:52:46  [info] admin (::1) op.Ajax.php?command=deletedocument&id=31&formtoken=d457e45e49b3d0e04715efa872e76249
Jan 12 05:52:49  [info] admin (::1) op.Ajax.php?command=deletedocument&id=35&formtoken=d457e45e49b3d0e04715efa872e76249
Jan 12 05:52:51  [info] admin (::1) op.Ajax.php?command=deletedocument&id=39&formtoken=d457e45e49b3d0e04715efa872e76249
Jan 12 05:52:55  [info] admin (::1) op.Ajax.php?command=deletedocument&id=42&formtoken=d457e45e49b3d0e04715efa872e76249
Jan 12 05:52:59  [info] admin (::1) op.Ajax.php?command=deletedocument&id=109&formtoken=d457e45e49b3d0e04715efa872e76249
Jan 12 05:53:01  [info] admin (::1) op.Ajax.php?command=deletedocument&id=101&formtoken=d457e45e49b3d0e04715efa872e76249
Jan 12 05:53:04  [info] admin (::1) op.Ajax.php?command=deletedocument&id=59&formtoken=d457e45e49b3d0e04715efa872e76249
Jan 12 05:53:06  [info] admin (::1) op.Ajax.php?command=deletedocument&id=46&formtoken=d457e45e49b3d0e04715efa872e76249
Jan 12 05:53:08  [info] admin (::1) op.Ajax.php?command=deletedocument&id=50&formtoken=d457e45e49b3d0e04715efa872e76249
Jan 12 05:53:10  [info] admin (::1) op.Ajax.php?command=deletedocument&id=55&formtoken=d457e45e49b3d0e04715efa872e76249
Jan 12 05:53:22  [info] admin (::1) op.Ajax.php?command=deletedocument&id=63&formtoken=d457e45e49b3d0e04715efa872e76249
Jan 12 05:53:25  [info] admin (::1) op.Ajax.php?command=deletedocument&id=83&formtoken=d457e45e49b3d0e04715efa872e76249
Jan 12 05:53:27  [info] admin (::1) op.Ajax.php?command=deletedocument&id=67&formtoken=d457e45e49b3d0e04715efa872e76249
Jan 12 05:53:30  [info] admin (::1) op.Ajax.php?command=deletedocument&id=71&formtoken=d457e45e49b3d0e04715efa872e76249
Jan 12 05:53:33  [info] admin (::1) op.Ajax.php?command=deletedocument&id=105&formtoken=d457e45e49b3d0e04715efa872e76249
Jan 12 05:53:35  [info] admin (::1) op.Ajax.php?command=deletedocument&id=75&formtoken=d457e45e49b3d0e04715efa872e76249
Jan 12 05:53:38  [info] admin (::1) op.Ajax.php?command=deletedocument&id=93&formtoken=d457e45e49b3d0e04715efa872e76249
Jan 12 05:53:41  [info] admin (::1) op.Ajax.php?command=deletedocument&id=97&formtoken=d457e45e49b3d0e04715efa872e76249
Jan 12 05:53:43  [info] admin (::1) op.Ajax.php?command=deletedocument&id=79&formtoken=d457e45e49b3d0e04715efa872e76249
Jan 12 05:53:46  [info] admin (::1) op.Ajax.php?command=deletedocument&id=86&formtoken=d457e45e49b3d0e04715efa872e76249
Jan 12 05:53:49  [info] admin (::1) op.Ajax.php?command=deletedocument&id=89&formtoken=d457e45e49b3d0e04715efa872e76249
Jan 12 05:53:55  [info] admin (::1) op.Ajax.php?command=deletedocument&id=18&formtoken=d457e45e49b3d0e04715efa872e76249
Jan 12 05:53:58  [info] admin (::1) op.Ajax.php?command=deletedocument&id=19&formtoken=d457e45e49b3d0e04715efa872e76249
Jan 12 05:54:00  [info] admin (::1) op.Ajax.php?command=deletedocument&id=22&formtoken=d457e45e49b3d0e04715efa872e76249
Jan 12 05:55:12  [info] admin (::1) op.Ajax.php?command=deletedocument&id=24&formtoken=d457e45e49b3d0e04715efa872e76249
Jan 12 05:55:15  [info] admin (::1) op.Ajax.php?command=deletedocument&id=28&formtoken=d457e45e49b3d0e04715efa872e76249
Jan 12 05:55:17  [info] admin (::1) op.Ajax.php?command=deletedocument&id=40&formtoken=d457e45e49b3d0e04715efa872e76249
Jan 12 05:55:19  [info] admin (::1) op.Ajax.php?command=deletedocument&id=32&formtoken=d457e45e49b3d0e04715efa872e76249
Jan 12 05:55:22  [info] admin (::1) op.Ajax.php?command=deletedocument&id=110&formtoken=d457e45e49b3d0e04715efa872e76249
Jan 12 05:55:24  [info] admin (::1) op.Ajax.php?command=deletedocument&id=76&formtoken=d457e45e49b3d0e04715efa872e76249
Jan 12 05:55:26  [info] admin (::1) op.Ajax.php?command=deletedocument&id=68&formtoken=d457e45e49b3d0e04715efa872e76249
Jan 12 05:55:29  [info] admin (::1) op.Ajax.php?command=deletedocument&id=60&formtoken=d457e45e49b3d0e04715efa872e76249
Jan 12 05:55:31  [info] admin (::1) op.Ajax.php?command=deletedocument&id=84&formtoken=d457e45e49b3d0e04715efa872e76249
Jan 12 05:55:33  [info] admin (::1) op.Ajax.php?command=deletedocument&id=36&formtoken=d457e45e49b3d0e04715efa872e76249
Jan 12 05:55:35  [info] admin (::1) op.Ajax.php?command=deletedocument&id=47&formtoken=d457e45e49b3d0e04715efa872e76249
Jan 12 05:55:38  [info] admin (::1) op.Ajax.php?command=deletedocument&id=64&formtoken=d457e45e49b3d0e04715efa872e76249
Jan 12 05:55:41  [info] admin (::1) op.Ajax.php?command=deletedocument&id=80&formtoken=d457e45e49b3d0e04715efa872e76249
Jan 12 05:55:44  [info] admin (::1) op.Ajax.php?command=deletedocument&id=72&formtoken=d457e45e49b3d0e04715efa872e76249
Jan 12 05:55:47  [info] admin (::1) op.Ajax.php?command=deletedocument&id=90&formtoken=d457e45e49b3d0e04715efa872e76249
Jan 12 05:55:49  [info] admin (::1) op.Ajax.php?command=deletedocument&id=98&formtoken=d457e45e49b3d0e04715efa872e76249
Jan 12 05:55:51  [info] admin (::1) op.Ajax.php?command=deletedocument&id=51&formtoken=d457e45e49b3d0e04715efa872e76249
Jan 12 05:55:53  [info] admin (::1) op.Ajax.php?command=deletedocument&id=43&formtoken=d457e45e49b3d0e04715efa872e76249
Jan 12 05:55:56  [info] admin (::1) op.Ajax.php?command=deletedocument&id=56&formtoken=d457e45e49b3d0e04715efa872e76249
Jan 12 05:55:58  [info] admin (::1) op.Ajax.php?command=deletedocument&id=87&formtoken=d457e45e49b3d0e04715efa872e76249
Jan 12 05:56:00  [info] admin (::1) op.Ajax.php?command=deletedocument&id=94&formtoken=d457e45e49b3d0e04715efa872e76249
Jan 12 05:56:02  [info] admin (::1) op.Ajax.php?command=deletedocument&id=102&formtoken=d457e45e49b3d0e04715efa872e76249
Jan 12 05:56:04  [info] admin (::1) op.Ajax.php?command=deletedocument&id=106&formtoken=d457e45e49b3d0e04715efa872e76249
Jan 12 05:56:10  [info] admin (::1) op.Ajax.php?command=deletedocument&id=112&formtoken=d457e45e49b3d0e04715efa872e76249
Jan 12 05:56:12  [info] admin (::1) op.Ajax.php?command=deletedocument&id=111&formtoken=d457e45e49b3d0e04715efa872e76249
Jan 12 06:06:03  [info] aspirante1 (::1) op.Login
Jan 12 06:30:11  [info] aspirante1 (::1) op.Ajax.php?command=deletedocument&id=121&formtoken=791413cdb045ac6c270044dd24aaf3d2
Jan 12 06:30:14  [info] aspirante1 (::1) op.Ajax.php?command=deletedocument&id=116&formtoken=791413cdb045ac6c270044dd24aaf3d2
Jan 12 06:30:17  [info] aspirante1 (::1) op.Ajax.php?command=deletedocument&id=117&formtoken=791413cdb045ac6c270044dd24aaf3d2
Jan 12 06:30:42  [info] aspirante1 (::1) op.Ajax.php?command=deletedocument&id=120&formtoken=791413cdb045ac6c270044dd24aaf3d2
Jan 12 06:30:51  [info] aspirante1 (::1) op.Ajax.php?command=deletedocument&id=115&formtoken=791413cdb045ac6c270044dd24aaf3d2
Jan 12 06:30:54  [info] aspirante1 (::1) op.Ajax.php?command=deletedocument&id=119&formtoken=791413cdb045ac6c270044dd24aaf3d2
Jan 12 06:44:18  [info] aspirante1 (::1) op.Ajax.php?command=deletedocument&id=118&formtoken=791413cdb045ac6c270044dd24aaf3d2
Jan 12 06:44:20  [info] aspirante1 (::1) op.Ajax.php?command=deletedocument&id=114&formtoken=791413cdb045ac6c270044dd24aaf3d2
Jan 12 07:00:10  [info] aspirante1 (::1) op.Ajax.php?command=deletedocument&id=123&formtoken=791413cdb045ac6c270044dd24aaf3d2
Jan 12 07:00:11  [info] aspirante1 (::1) op.Ajax.php?command=deletedocument&id=122&formtoken=791413cdb045ac6c270044dd24aaf3d2
Jan 12 07:00:16  [info] aspirante1 (::1) op.Ajax.php?command=deletedocument&id=125&formtoken=791413cdb045ac6c270044dd24aaf3d2
Jan 12 07:00:18  [info] aspirante1 (::1) op.Ajax.php?command=deletedocument&id=124&formtoken=791413cdb045ac6c270044dd24aaf3d2
Jan 12 07:00:24  [info] aspirante1 (::1) op.Ajax.php?command=deletedocument&id=126&formtoken=791413cdb045ac6c270044dd24aaf3d2
Jan 12 07:00:25  [info] aspirante1 (::1) op.Ajax.php?command=deletedocument&id=127&formtoken=791413cdb045ac6c270044dd24aaf3d2
Jan 12 07:00:27  [info] aspirante1 (::1) op.Ajax.php?command=deletedocument&id=128&formtoken=791413cdb045ac6c270044dd24aaf3d2
Jan 12 07:00:31  [info] aspirante1 (::1) op.Ajax.php?command=deletedocument&id=130&formtoken=791413cdb045ac6c270044dd24aaf3d2
Jan 12 07:00:32  [info] aspirante1 (::1) op.Ajax.php?command=deletedocument&id=129&formtoken=791413cdb045ac6c270044dd24aaf3d2
Jan 12 07:33:19  [info] admin (::1) op.Login
Jan 12 07:34:01  [info] aspirante1 (::1) op.Login
Jan 12 07:37:55  [info] admin (::1) op.Login
Jan 12 07:38:09  [info] admin (::1) op.Login
Jan 12 07:38:30  [info] aspirante1 (::1) op.Login
Jan 12 07:41:45  [info] admin (::1) op.Login
Jan 12 07:42:17  [info] aspirante1 (::1) op.Login
Jan 12 07:54:07  [info] admin (::1) op.Login
Jan 12 07:54:57  [info] admin (::1) op.Login
Jan 12 07:55:04  [info] aspirante1 (::1) op.Login
Jan 12 07:55:54  [info] admin (::1) op.Login
Jan 12 16:21:09  [info] aspirante1 (::1) op.Login
Jan 12 16:40:27  [info] admin (::1) op.Login
Jan 12 16:47:43  [info] aspirante1 (::1) op.Login
Jan 12 16:55:16  [info] admin (::1) op.Login
Jan 12 16:57:01  [info] aspirante1 (::1) op.Login
Jan 12 17:06:15  [info] admin (::1) op.Login
Jan 12 17:13:09  [info] admin (::1) op.Login
Jan 12 17:27:12  [info] aspirante1 (::1) op.Login
Jan 12 17:40:32  [info] admin (::1) op.Login
Jan 12 17:43:28  [info] admin (::1) op.Login
Jan 12 18:31:48  [info] admin (::1) op.Login
Jan 12 18:31:52  [info] aspirante1 (::1) op.Login
Jan 12 22:31:42  [info] admin (::1) op.Login
Jan 12 22:32:14  [info] admin (::1) op.ViewOnline.php?documentid=151&version=1
