Jan 24 09:59:36  [info] aspirante17 (::1) op.Login
Jan 24 10:08:52  [info] admin (::1) op.Login
Jan 24 10:09:14  [info] admin (::1) op.UsrMgr.php&action=removeuser&userid=24
Jan 24 17:00:15  [info] admin (::1) op.SubstituteUser.php?userid=17&formtoken=d094b083505b26b1621b7d05b3ff8520?userid=17
Jan 24 17:17:16  [info] admin (::1) op.Login
Jan 24 17:18:09  [info] aspirante2 (::1) op.Login
Jan 24 17:18:23  [info] admin (::1) op.Login
Jan 24 17:19:08  [info] aspirante5 (::1) op.Login
Jan 24 17:19:34  [info] admin (::1) op.Login
Jan 24 17:29:28  [error] -- (::1) op.Login UI::exitError error=Error de acceso. ID de usuario o contraseña incorrectos. pagetitle=Error de acceso
Jan 24 17:29:31  [error] -- (::1) op.Login UI::exitError error=Error de acceso. ID de usuario o contraseña incorrectos. pagetitle=Error de acceso
Jan 24 17:29:43  [info] aspirante6 (::1) op.Login
Jan 24 17:30:03  [info] admin (::1) op.Login
Jan 24 17:31:06  [error] -- (::1) op.Login UI::exitError error=Error de acceso. ID de usuario o contraseña incorrectos. pagetitle=Error de acceso
Jan 24 17:31:13  [info] aspirante13 (::1) op.Login
Jan 24 17:32:37  [info] admin (::1) op.Login
Jan 24 17:40:40  [info] aspirante13 (::1) op.Login
Jan 24 17:40:55  [info] admin (::1) op.Login
Jan 24 17:49:34  [info] aspirante1 (::1) op.Login
Jan 24 17:49:43  [info] admin (::1) op.Login
Jan 24 17:52:23  [info] admin (::1) op.Login
Jan 24 17:52:59  [info] admin (::1) op.Login
Jan 24 18:43:02  [info] aspirante13 (::1) op.Login
Jan 24 18:48:45  [info] admin (::1) op.Login
Jan 24 18:49:33  [info] admin (::1) op.Login
Jan 24 18:49:50  [info] aspirante11 (::1) op.Login
Jan 24 18:50:01  [info] admin (::1) op.Login
Jan 24 18:50:22  [info] aspirante11 (::1) op.Login
Jan 24 18:55:59  [info] admin (::1) op.Login
Jan 24 20:55:43  [info] admin (::1) op.EditUserData?user=admin
Jan 24 21:39:50  [info] aspirante13 (::1) op.Login
Jan 24 21:40:34  [info] aspirante13 (::1) op.EditUserData?user=aspirante13
Jan 24 21:42:24  [info] admin (::1) op.Login
Jan 24 22:19:50  [info] aspirante13 (::1) op.Login
Jan 24 22:27:16  [info] admin (::1) op.Login
Jan 24 22:27:40  [info] aspirante10 (::1) op.Login
Jan 24 22:27:47  [info] aspirante13 (::1) op.Login
Jan 24 22:41:22  [info] admin (::1) op.Login
Jan 24 22:42:58  [info] aspirante13 (::1) op.Login
Jan 24 23:18:43  [info] admin (::1) op.Login
Jan 24 23:31:07  [info] aspirante18 (::1) op.Login
Jan 24 23:37:39  [info] admin (::1) op.Login
Jan 24 23:38:06  [info] aspirante18 (::1) op.Login
Jan 24 23:40:02  [info] aspirante18 (::1) op.Login
Jan 24 23:41:41  [info] admin (::1) op.Login
Jan 24 23:58:44  [info] aspirante10 (::1) op.Login
Jan 24 23:59:08  [info] aspirante10 (::1) op.EditUserData?user=aspirante10
Jan 24 23:59:14  [info] admin (::1) op.Login
